<?xml version="1.0" encoding="utf-8"?><testsuites><testsuite name="pytest" errors="0" failures="0" skipped="0" tests="4" time="145.497" timestamp="2023-09-03T04:31:17.894297" hostname="jose-dev-env"><testcase classname="tests.model.test_model.TestModel" name="test_model_fit" time="28.969" /><testcase classname="tests.model.test_model.TestModel" name="test_model_predict" time="57.290" /><testcase classname="tests.model.test_model.TestModel" name="test_model_preprocess_for_serving" time="28.788" /><testcase classname="tests.model.test_model.TestModel" name="test_model_preprocess_for_training" time="28.783" /></testsuite></testsuites>